Kauan_Nascimento_RM87318/app/build/intermediates/manifest_merge_blame_file/debug/manifest-merger-blame-debug-report.txt
1<?xml version="1.0" encoding="utf-8"?>
2<manifest xmlns:android="http://schemas.android.com/apk/res/android"
3    package="br.com.fiap.movies"
4    android:versionCode="1"
5    android:versionName="1.0" >
6
7    <uses-sdk
8        android:minSdkVersion="26"
8-->src\main\AndroidManifest.xml
9        android:targetSdkVersion="32" />
9-->src\main\AndroidManifest.xml
10
11    <application
11-->src\main\AndroidManifest.xml:6:5-65:19
12        android:allowBackup="true"
12-->src\main\AndroidManifest.xml:7:9-35
13        android:appComponentFactory="androidx.core.app.CoreComponentFactory"
13-->[androidx.core:core:1.7.0] AndroidManifest.xml:24:18-86
14        android:dataExtractionRules="@xml/data_extraction_rules"
14-->src\main\AndroidManifest.xml:8:9-65
15        android:debuggable="true"
16        android:extractNativeLibs="false"
17        android:fullBackupContent="@xml/backup_rules"
17-->src\main\AndroidManifest.xml:9:9-54
18        android:icon="@mipmap/ic_launcher"
18-->src\main\AndroidManifest.xml:10:9-43
19        android:label="@string/app_name"
19-->src\main\AndroidManifest.xml:11:9-41
20        android:roundIcon="@mipmap/ic_launcher_round"
20-->src\main\AndroidManifest.xml:12:9-54
21        android:supportsRtl="true"
21-->src\main\AndroidManifest.xml:13:9-35
22        android:testOnly="true"
23        android:theme="@style/Theme.Kauan_Nascimento_RM87318" >
23-->src\main\AndroidManifest.xml:14:9-62
24        <activity
24-->src\main\AndroidManifest.xml:16:9-24:20
25            android:name="br.com.fiap.movies.Tela1Activity"
25-->src\main\AndroidManifest.xml:17:13-42
26            android:exported="true" >
26-->src\main\AndroidManifest.xml:18:13-36
27            <intent-filter>
27-->src\main\AndroidManifest.xml:19:13-23:29
28                <action android:name="android.intent.action.MAIN" />
28-->src\main\AndroidManifest.xml:20:17-69
28-->src\main\AndroidManifest.xml:20:25-66
29
30                <category android:name="android.intent.category.LAUNCHER" />
30-->src\main\AndroidManifest.xml:22:17-77
30-->src\main\AndroidManifest.xml:22:27-74
31            </intent-filter>
32        </activity>
33        <activity
33-->src\main\AndroidManifest.xml:26:9-37:20
34            android:name="br.com.fiap.movies.Tela2Activity"
34-->src\main\AndroidManifest.xml:27:13-42
35            android:exported="true" >
35-->src\main\AndroidManifest.xml:28:13-36
36            <intent-filter>
36-->src\main\AndroidManifest.xml:31:13-35:29
37                <action android:name="android.intent.action.SEND" />
37-->src\main\AndroidManifest.xml:32:17-68
37-->src\main\AndroidManifest.xml:32:25-66
38
39                <category android:name="android.intent.category.DEFAULT" />
39-->src\main\AndroidManifest.xml:33:17-75
39-->src\main\AndroidManifest.xml:33:27-73
40
41                <data android:mimeType="text/plain" />
41-->src\main\AndroidManifest.xml:34:17-54
41-->src\main\AndroidManifest.xml:34:23-52
42            </intent-filter>
43        </activity>
44        <activity
44-->src\main\AndroidManifest.xml:39:9-50:20
45            android:name="br.com.fiap.movies.Tela3Activity"
45-->src\main\AndroidManifest.xml:40:13-42
46            android:exported="true" >
46-->src\main\AndroidManifest.xml:41:13-36
47            <intent-filter>
47-->src\main\AndroidManifest.xml:31:13-35:29
48                <action android:name="android.intent.action.SEND" />
48-->src\main\AndroidManifest.xml:32:17-68
48-->src\main\AndroidManifest.xml:32:25-66
49
50                <category android:name="android.intent.category.DEFAULT" />
50-->src\main\AndroidManifest.xml:33:17-75
50-->src\main\AndroidManifest.xml:33:27-73
51
52                <data android:mimeType="text/plain" />
52-->src\main\AndroidManifest.xml:34:17-54
52-->src\main\AndroidManifest.xml:34:23-52
53            </intent-filter>
54        </activity>
55        <activity
55-->src\main\AndroidManifest.xml:52:9-63:20
56            android:name="br.com.fiap.movies.Tela4Activity"
56-->src\main\AndroidManifest.xml:53:13-42
57            android:exported="true" >
57-->src\main\AndroidManifest.xml:54:13-36
58            <intent-filter>
58-->src\main\AndroidManifest.xml:31:13-35:29
59                <action android:name="android.intent.action.SEND" />
59-->src\main\AndroidManifest.xml:32:17-68
59-->src\main\AndroidManifest.xml:32:25-66
60
61                <category android:name="android.intent.category.DEFAULT" />
61-->src\main\AndroidManifest.xml:33:17-75
61-->src\main\AndroidManifest.xml:33:27-73
62
63                <data android:mimeType="text/plain" />
63-->src\main\AndroidManifest.xml:34:17-54
63-->src\main\AndroidManifest.xml:34:23-52
64            </intent-filter>
65        </activity>
66
67        <provider
67-->[androidx.emoji2:emoji2:1.0.0] AndroidManifest.xml:26:9-34:20
68            android:name="androidx.startup.InitializationProvider"
68-->[androidx.emoji2:emoji2:1.0.0] AndroidManifest.xml:27:13-67
69            android:authorities="br.com.fiap.movies.androidx-startup"
69-->[androidx.emoji2:emoji2:1.0.0] AndroidManifest.xml:28:13-68
70            android:exported="false" >
70-->[androidx.emoji2:emoji2:1.0.0] AndroidManifest.xml:29:13-37
71            <meta-data
71-->[androidx.emoji2:emoji2:1.0.0] AndroidManifest.xml:31:13-33:52
72                android:name="androidx.emoji2.text.EmojiCompatInitializer"
72-->[androidx.emoji2:emoji2:1.0.0] AndroidManifest.xml:32:17-75
73                android:value="androidx.startup" />
73-->[androidx.emoji2:emoji2:1.0.0] AndroidManifest.xml:33:17-49
74            <meta-data
74-->[androidx.lifecycle:lifecycle-process:2.4.0] AndroidManifest.xml:31:13-33:52
75                android:name="androidx.lifecycle.ProcessLifecycleInitializer"
75-->[androidx.lifecycle:lifecycle-process:2.4.0] AndroidManifest.xml:32:17-78
76                android:value="androidx.startup" />
76-->[androidx.lifecycle:lifecycle-process:2.4.0] AndroidManifest.xml:33:17-49
77        </provider>
78    </application>
79
80</manifest>